# JRE version: Java(TM) SE Runtime Environment (8.0_171-b11) (build 1.8.0_171-b11)
# Java VM: Java HotSpot(TM) 64-Bit Server VM (25.171-b11 mixed mode windows-amd64 compressed oops)
Heap:
 PSYoungGen      total 116736K, used 66426K [0x00000000f5580000, 0x0000000100000000, 0x0000000100000000)
  eden space 58880K, 100% used [0x00000000f5580000,0x00000000f8f00000,0x00000000f8f00000)
  from space 57856K, 13% used [0x00000000f8f00000,0x00000000f965e918,0x00000000fc780000)
  to   space 57856K, 0% used [0x00000000fc780000,0x00000000fc780000,0x0000000100000000)
 ParOldGen       total 349696K, used 349696K [0x00000000e0000000, 0x00000000f5580000, 0x00000000f5580000)
  object space 349696K, 100% used [0x00000000e0000000,0x00000000f5580000,0x00000000f5580000)
 Metaspace       used 31876K, capacity 32826K, committed 33280K, reserved 1079296K
  class space    used 3731K, capacity 4069K, committed 4096K, reserved 1048576K
GC Heap History (10 events):
Event: 67.103 GC heap before
{Heap before GC invocations=521 (full 510):
 PSYoungGen      total 116736K, used 66426K [0x00000000f5580000, 0x0000000100000000, 0x0000000100000000)
  eden space 58880K, 100% used [0x00000000f5580000,0x00000000f8f00000,0x00000000f8f00000)
  from space 57856K, 13% used [0x00000000f8f00000,0x00000000f965e918,0x00000000fc780000)
  to   space 57856K, 0% used [0x00000000fc780000,0x00000000fc780000,0x0000000100000000)
 ParOldGen       total 349696K, used 349695K [0x00000000e0000000, 0x00000000f5580000, 0x00000000f5580000)
  object space 349696K, 99% used [0x00000000e0000000,0x00000000f557fe88,0x00000000f5580000)
 Metaspace       used 31876K, capacity 32826K, committed 33280K, reserved 1079296K
  class space    used 3731K, capacity 4069K, committed 4096K, reserved 1048576K
Event: 67.191 GC heap after
Heap after GC invocations=521 (full 510):
 PSYoungGen      total 116736K, used 66420K [0x00000000f5580000, 0x0000000100000000, 0x0000000100000000)
  eden space 58880K, 99% used [0x00000000f5580000,0x00000000f8efe890,0x00000000f8f00000)
  from space 57856K, 13% used [0x00000000f8f00000,0x00000000f965e918,0x00000000fc780000)
  to   space 57856K, 0% used [0x00000000fc780000,0x00000000fc780000,0x0000000100000000)
 ParOldGen       total 349696K, used 349695K [0x00000000e0000000, 0x00000000f5580000, 0x00000000f5580000)
  object space 349696K, 99% used [0x00000000e0000000,0x00000000f557fe88,0x00000000f5580000)
 Metaspace       used 31876K, capacity 32826K, committed 33280K, reserved 1079296K
  class space    used 3731K, capacity 4069K, committed 4096K, reserved 1048576K
}
Event: 67.192 GC heap before
{Heap before GC invocations=522 (full 511):
 PSYoungGen      total 116736K, used 66426K [0x00000000f5580000, 0x0000000100000000, 0x0000000100000000)
  eden space 58880K, 100% used [0x00000000f5580000,0x00000000f8f00000,0x00000000f8f00000)
  from space 57856K, 13% used [0x00000000f8f00000,0x00000000f965e918,0x00000000fc780000)
  to   space 57856K, 0% used [0x00000000fc780000,0x00000000fc780000,0x0000000100000000)
 ParOldGen       total 349696K, used 349695K [0x00000000e0000000, 0x00000000f5580000, 0x00000000f5580000)
  object space 349696K, 99% used [0x00000000e0000000,0x00000000f557fe88,0x00000000f5580000)
 Metaspace       used 31876K, capacity 32826K, committed 33280K, reserved 1079296K
  class space    used 3731K, capacity 4069K, committed 4096K, reserved 1048576K
Event: 67.266 GC heap after
Heap after GC invocations=522 (full 511):
 PSYoungGen      total 116736K, used 66424K [0x00000000f5580000, 0x0000000100000000, 0x0000000100000000)
  eden space 58880K, 99% used [0x00000000f5580000,0x00000000f8effae0,0x00000000f8f00000)
  from space 57856K, 13% used [0x00000000f8f00000,0x00000000f965e918,0x00000000fc780000)
  to   space 57856K, 0% used [0x00000000fc780000,0x00000000fc780000,0x0000000100000000)
 ParOldGen       total 349696K, used 349695K [0x00000000e0000000, 0x00000000f5580000, 0x00000000f5580000)
  object space 349696K, 99% used [0x00000000e0000000,0x00000000f557fe88,0x00000000f5580000)
 Metaspace       used 31876K, capacity 32826K, committed 33280K, reserved 1079296K
  class space    used 3731K, capacity 4069K, committed 4096K, reserved 1048576K
}
Event: 67.266 GC heap before
{Heap before GC invocations=523 (full 512):
 PSYoungGen      total 116736K, used 66424K [0x00000000f5580000, 0x0000000100000000, 0x0000000100000000)
  eden space 58880K, 99% used [0x00000000f5580000,0x00000000f8effae0,0x00000000f8f00000)
  from space 57856K, 13% used [0x00000000f8f00000,0x00000000f965e918,0x00000000fc780000)
  to   space 57856K, 0% used [0x00000000fc780000,0x00000000fc780000,0x0000000100000000)
 ParOldGen       total 349696K, used 349695K [0x00000000e0000000, 0x00000000f5580000, 0x00000000f5580000)
  object space 349696K, 99% used [0x00000000e0000000,0x00000000f557fe88,0x00000000f5580000)
 Metaspace       used 31876K, capacity 32826K, committed 33280K, reserved 1079296K
  class space    used 3731K, capacity 4069K, committed 4096K, reserved 1048576K
Event: 67.351 GC heap after
Heap after GC invocations=523 (full 512):
 PSYoungGen      total 116736K, used 66424K [0x00000000f5580000, 0x0000000100000000, 0x0000000100000000)
  eden space 58880K, 99% used [0x00000000f5580000,0x00000000f8effae0,0x00000000f8f00000)
  from space 57856K, 13% used [0x00000000f8f00000,0x00000000f965e918,0x00000000fc780000)
  to   space 57856K, 0% used [0x00000000fc780000,0x00000000fc780000,0x0000000100000000)
 ParOldGen       total 349696K, used 349695K [0x00000000e0000000, 0x00000000f5580000, 0x00000000f5580000)
  object space 349696K, 99% used [0x00000000e0000000,0x00000000f557fe88,0x00000000f5580000)
 Metaspace       used 31876K, capacity 32826K, committed 33280K, reserved 1079296K
  class space    used 3731K, capacity 4069K, committed 4096K, reserved 1048576K
}
Event: 67.352 GC heap before
{Heap before GC invocations=524 (full 513):
 PSYoungGen      total 116736K, used 66426K [0x00000000f5580000, 0x0000000100000000, 0x0000000100000000)
  eden space 58880K, 100% used [0x00000000f5580000,0x00000000f8f00000,0x00000000f8f00000)
  from space 57856K, 13% used [0x00000000f8f00000,0x00000000f965e918,0x00000000fc780000)
  to   space 57856K, 0% used [0x00000000fc780000,0x00000000fc780000,0x0000000100000000)
 ParOldGen       total 349696K, used 349696K [0x00000000e0000000, 0x00000000f5580000, 0x00000000f5580000)
  object space 349696K, 100% used [0x00000000e0000000,0x00000000f5580000,0x00000000f5580000)
 Metaspace       used 31876K, capacity 32826K, committed 33280K, reserved 1079296K
  class space    used 3731K, capacity 4069K, committed 4096K, reserved 1048576K
Event: 67.425 GC heap after
Heap after GC invocations=524 (full 513):
 PSYoungGen      total 116736K, used 66425K [0x00000000f5580000, 0x0000000100000000, 0x0000000100000000)
  eden space 58880K, 99% used [0x00000000f5580000,0x00000000f8effbd8,0x00000000f8f00000)
  from space 57856K, 13% used [0x00000000f8f00000,0x00000000f965e918,0x00000000fc780000)
  to   space 57856K, 0% used [0x00000000fc780000,0x00000000fc780000,0x0000000100000000)
 ParOldGen       total 349696K, used 349696K [0x00000000e0000000, 0x00000000f5580000, 0x00000000f5580000)
  object space 349696K, 100% used [0x00000000e0000000,0x00000000f5580000,0x00000000f5580000)
 Metaspace       used 31876K, capacity 32826K, committed 33280K, reserved 1079296K
  class space    used 3731K, capacity 4069K, committed 4096K, reserved 1048576K
}
Event: 67.425 GC heap before
{Heap before GC invocations=525 (full 514):
 PSYoungGen      total 116736K, used 66425K [0x00000000f5580000, 0x0000000100000000, 0x0000000100000000)
  eden space 58880K, 99% used [0x00000000f5580000,0x00000000f8effbd8,0x00000000f8f00000)
  from space 57856K, 13% used [0x00000000f8f00000,0x00000000f965e918,0x00000000fc780000)
  to   space 57856K, 0% used [0x00000000fc780000,0x00000000fc780000,0x0000000100000000)
 ParOldGen       total 349696K, used 349696K [0x00000000e0000000, 0x00000000f5580000, 0x00000000f5580000)
  object space 349696K, 100% used [0x00000000e0000000,0x00000000f5580000,0x00000000f5580000)
 Metaspace       used 31876K, capacity 32826K, committed 33280K, reserved 1079296K
  class space    used 3731K, capacity 4069K, committed 4096K, reserved 1048576K
Event: 67.497 GC heap after
Heap after GC invocations=525 (full 514):
 PSYoungGen      total 116736K, used 66425K [0x00000000f5580000, 0x0000000100000000, 0x0000000100000000)
  eden space 58880K, 99% used [0x00000000f5580000,0x00000000f8effbd8,0x00000000f8f00000)
  from space 57856K, 13% used [0x00000000f8f00000,0x00000000f965e918,0x00000000fc780000)
  to   space 57856K, 0% used [0x00000000fc780000,0x00000000fc780000,0x0000000100000000)
 ParOldGen       total 349696K, used 349696K [0x00000000e0000000, 0x00000000f5580000, 0x00000000f5580000)
  object space 349696K, 100% used [0x00000000e0000000,0x00000000f5580000,0x00000000f5580000)
 Metaspace       used 31876K, capacity 32826K, committed 33280K, reserved 1079296K
  class space    used 3731K, capacity 4069K, committed 4096K, reserved 1048576K
}

